<?xml version="1.0" encoding="UTF-8"?>
<!-- Generated by org.testng.reporters.JUnitReportReporter -->
<testsuite hostname="Sasikumar" failures="0" tests="1" name="org.movie.app.tests.Index" time="1.696" errors="0" timestamp="2024-07-07T19:13:30 IST" skipped="0">
  <testcase classname="org.movie.app.tests.Index" name="MovieDetailsPage" time="1.696"/>
</testsuite> <!-- org.movie.app.tests.Index -->
