<?xml version="1.0" encoding="UTF-8"?>
<!-- Generated by org.testng.reporters.JUnitReportReporter -->
<testsuite hostname="Sasikumar" failures="0" tests="1" name="org.movie.app.tests.Index" time="1.159" errors="0" timestamp="2024-07-07T20:54:08 IST" skipped="0">
  <testcase classname="org.movie.app.tests.Index" name="AccountPage" time="1.159"/>
</testsuite> <!-- org.movie.app.tests.Index -->
